2020-12-17 08:35:49,967 - instabot version: 0.117.0 (bot) - INFO - Instabot version: 0.117.0 Started
2020-12-17 08:35:49,967 - instabot version: 0.117.0 (bot) - DEBUG - Bot imported from C:\Users\Computer\AppData\Local\Programs\Python\Python37-32\lib\site-packages\instabot\bot\bot.py
2020-12-17 08:35:50,020 - instabot version: 0.117.0 (api_login) - DEBUG - Loading cookies
2020-12-17 08:35:50,020 - instabot version: 0.117.0 (api_login) - DEBUG - Loading uuids
2020-12-17 08:35:50,020 - instabot version: 0.117.0 (api_login) - INFO - Recovery from F:\Final-Year-Project\backend/config/iamsheza5_uuid_and_cookie.json: COOKIE True - UUIDs True - TIMING, DEVICE and ...
- user-agent=Instagram 117.0.0.28.123 Android (28/9.0; 420dpi; 1080x1920; OnePlus; ONEPLUS A3003; OnePlus3; qcom; en_US; 180322800)
- phone_id=fb9ffccb-e1c8-43bd-aa56-aff09df1f29a
- uuid=c787fc43-2dd9-426f-bc41-b2ab0a370a7a
- client_session_id=cda5f599-e32c-4a8c-88fe-65d0abbc81fb
- device_id=android-0d418da884b5fafe
2020-12-17 08:35:50,021 - instabot version: 0.117.0 (api_login) - INFO - LOGIN FLOW! Just logged-in: False
2020-12-17 08:35:57,457 - instabot version: 0.117.0 (api) - DEBUG - POST to endpoint: feed/timeline/ returned response: <Response [403]>
2020-12-17 08:35:57,458 - instabot version: 0.117.0 (api) - DEBUG - Responsecode indicates error; response content: b'{"message": "login_required", "error_title": "You\'ve Been Logged Out", "error_body": "Please log back in.", "logout_reason": 3, "status": "fail"}'
2020-12-17 08:35:57,458 - instabot version: 0.117.0 (api) - ERROR - Request returns 403 error!
2020-12-17 08:35:58,756 - instabot version: 0.117.0 (api) - DEBUG - POST to endpoint: feed/reels_tray/ returned response: <Response [403]>
2020-12-17 08:35:58,756 - instabot version: 0.117.0 (api) - DEBUG - Responsecode indicates error; response content: b'{"message": "login_required", "error_title": "You\'ve Been Logged Out", "error_body": "Please log back in.", "logout_reason": 8, "status": "fail"}'
2020-12-17 08:35:58,757 - instabot version: 0.117.0 (api) - ERROR - Request returns 403 error!
2020-12-17 08:35:59,525 - instabot version: 0.117.0 (api) - DEBUG - POST to endpoint: direct_v2/ranked_recipients/ returned response: <Response [403]>
2020-12-17 08:35:59,525 - instabot version: 0.117.0 (api) - DEBUG - Responsecode indicates error; response content: b'{"message": "login_required", "error_title": "You\'ve Been Logged Out", "error_body": "Please log back in.", "logout_reason": 8, "status": "fail"}'
2020-12-17 08:35:59,525 - instabot version: 0.117.0 (api) - ERROR - Request returns 403 error!
2020-12-17 08:36:00,554 - instabot version: 0.117.0 (api) - DEBUG - POST to endpoint: direct_v2/ranked_recipients/ returned response: <Response [403]>
2020-12-17 08:36:00,554 - instabot version: 0.117.0 (api) - DEBUG - Responsecode indicates error; response content: b'{"message": "login_required", "error_title": "You\'ve Been Logged Out", "error_body": "Please log back in.", "logout_reason": 8, "status": "fail"}'
2020-12-17 08:36:00,554 - instabot version: 0.117.0 (api) - ERROR - Request returns 403 error!
2020-12-17 08:36:01,269 - instabot version: 0.117.0 (api) - DEBUG - POST to endpoint: direct_v2/inbox/ returned response: <Response [403]>
2020-12-17 08:36:01,269 - instabot version: 0.117.0 (api) - DEBUG - Responsecode indicates error; response content: b'{"message": "login_required", "error_title": "You\'ve Been Logged Out", "error_body": "Please log back in.", "logout_reason": 8, "status": "fail"}'
2020-12-17 08:36:01,270 - instabot version: 0.117.0 (api) - ERROR - Request returns 403 error!
2020-12-17 08:36:01,965 - instabot version: 0.117.0 (api) - DEBUG - GET to endpoint: direct_v2/get_presence/ returned response: <Response [403]>
2020-12-17 08:36:01,965 - instabot version: 0.117.0 (api) - DEBUG - Responsecode indicates error; response content: b'{"message": "login_required", "error_title": "You\'ve Been Logged Out", "error_body": "Please log back in.", "logout_reason": 8, "status": "fail"}'
2020-12-17 08:36:01,965 - instabot version: 0.117.0 (api) - ERROR - Request returns 403 error!
2020-12-17 08:36:02,758 - instabot version: 0.117.0 (api) - DEBUG - GET to endpoint: news/inbox/?limited_activity=true&show_su=true returned response: <Response [403]>
2020-12-17 08:36:02,758 - instabot version: 0.117.0 (api) - DEBUG - Responsecode indicates error; response content: b'{"message": "login_required", "error_title": "You\'ve Been Logged Out", "error_body": "Please log back in.", "logout_reason": 8, "status": "fail"}'
2020-12-17 08:36:02,758 - instabot version: 0.117.0 (api) - ERROR - Request returns 403 error!
2020-12-17 08:36:03,424 - instabot version: 0.117.0 (api) - DEBUG - GET to endpoint: users/profile_notice/ returned response: <Response [403]>
2020-12-17 08:36:03,425 - instabot version: 0.117.0 (api) - DEBUG - Responsecode indicates error; response content: b'{"message": "login_required", "error_title": "You\'ve Been Logged Out", "error_body": "Please log back in.", "logout_reason": 8, "status": "fail"}'
2020-12-17 08:36:03,425 - instabot version: 0.117.0 (api) - ERROR - Request returns 403 error!
2020-12-17 08:36:04,129 - instabot version: 0.117.0 (api) - DEBUG - POST to endpoint: discover/explore/ returned response: <Response [403]>
2020-12-17 08:36:04,129 - instabot version: 0.117.0 (api) - DEBUG - Responsecode indicates error; response content: b'{"message": "login_required", "error_title": "You\'ve Been Logged Out", "error_body": "Please log back in.", "logout_reason": 8, "status": "fail"}'
2020-12-17 08:36:04,130 - instabot version: 0.117.0 (api) - ERROR - Request returns 403 error!
2020-12-17 08:36:04,131 - instabot version: 0.117.0 (api) - INFO - Login flow failed, the cookie is broken. Relogin again.
2020-12-17 08:36:04,138 - instabot version: 0.117.0 (api_login) - DEBUG - Loading cookies
2020-12-17 08:36:04,139 - instabot version: 0.117.0 (api_login) - DEBUG - Loading uuids
2020-12-17 08:36:04,139 - instabot version: 0.117.0 (api_login) - INFO - Recovery from F:\Final-Year-Project\backend/config/iamsheza5_uuid_and_cookie.json: COOKIE True - UUIDs True - TIMING, DEVICE and ...
- user-agent=Instagram 117.0.0.28.123 Android (28/9.0; 420dpi; 1080x1920; OnePlus; ONEPLUS A3003; OnePlus3; qcom; en_US; 180322800)
- phone_id=fb9ffccb-e1c8-43bd-aa56-aff09df1f29a
- uuid=c787fc43-2dd9-426f-bc41-b2ab0a370a7a
- client_session_id=533c0c44-0d69-491a-a679-edf50785e0ef
- device_id=android-0d418da884b5fafe
2020-12-17 08:36:04,139 - instabot version: 0.117.0 (api_login) - INFO - Not yet logged in starting: PRE-LOGIN FLOW!
