2020-12-12 12:01:23,348 - instabot version: 0.117.0 (bot) - INFO - Instabot version: 0.117.0 Started
2020-12-12 12:01:23,363 - instabot version: 0.117.0 (bot) - DEBUG - Bot imported from C:\Users\Computer\AppData\Local\Programs\Python\Python37-32\lib\site-packages\instabot\bot\bot.py
2020-12-12 12:01:23,366 - instabot version: 0.117.0 (api_login) - INFO - Not yet logged in starting: PRE-LOGIN FLOW!
2020-12-12 12:01:23,983 - instabot version: 0.117.0 (api) - DEBUG - POST to endpoint: accounts/get_prefill_candidates/ returned response: <Response [200]>
2020-12-12 12:01:24,584 - instabot version: 0.117.0 (api) - DEBUG - POST to endpoint: qe/sync/ returned response: <Response [200]>
2020-12-12 12:01:25,152 - instabot version: 0.117.0 (api) - DEBUG - POST to endpoint: launcher/sync/ returned response: <Response [200]>
2020-12-12 12:01:25,774 - instabot version: 0.117.0 (api) - DEBUG - POST to endpoint: accounts/contact_point_prefill/ returned response: <Response [200]>
2020-12-12 12:01:28,511 - instabot version: 0.117.0 (api) - DEBUG - POST to endpoint: accounts/login/ returned response: <Response [200]>
2020-12-12 12:01:28,511 - instabot version: 0.117.0 (api) - INFO - Logged-in successfully as 'iamsheza5'!
2020-12-12 12:01:28,545 - instabot version: 0.117.0 (api_login) - INFO - LOGIN FLOW! Just logged-in: True
2020-12-12 12:01:29,110 - instabot version: 0.117.0 (api) - DEBUG - POST to endpoint: qe/sync/ returned response: <Response [200]>
2020-12-12 12:01:29,647 - instabot version: 0.117.0 (api) - DEBUG - POST to endpoint: launcher/sync/ returned response: <Response [200]>
2020-12-12 12:01:30,184 - instabot version: 0.117.0 (api) - DEBUG - GET to endpoint: zr/token/result/?device_id=android-0d418da884b5fafe&token_hash=&custom_device_id=android-0d418da884b5fafe&fetch_reason=token_expired returned response: <Response [200]>
2020-12-12 12:01:30,720 - instabot version: 0.117.0 (api) - DEBUG - GET to endpoint: multiple_accounts/get_account_family/ returned response: <Response [200]>
2020-12-12 12:01:31,272 - instabot version: 0.117.0 (api) - DEBUG - POST to endpoint: qe/sync/ returned response: <Response [200]>
2020-12-12 12:01:31,892 - instabot version: 0.117.0 (api) - DEBUG - GET to endpoint: igtv/browse_feed/?prefetch=1 returned response: <Response [200]>
2020-12-12 12:01:32,437 - instabot version: 0.117.0 (api) - DEBUG - POST to endpoint: creatives/ar_class/ returned response: <Response [200]>
2020-12-12 12:01:33,028 - instabot version: 0.117.0 (api) - DEBUG - POST to endpoint: feed/reels_tray/ returned response: <Response [200]>
2020-12-12 12:01:36,291 - instabot version: 0.117.0 (api) - DEBUG - POST to endpoint: feed/timeline/ returned response: <Response [200]>
2020-12-12 12:01:36,832 - instabot version: 0.117.0 (api) - DEBUG - GET to endpoint: media/blocked/ returned response: <Response [200]>
2020-12-12 12:01:37,616 - instabot version: 0.117.0 (api) - DEBUG - GET to endpoint: news/inbox/ returned response: <Response [200]>
2020-12-12 12:01:38,170 - instabot version: 0.117.0 (api) - DEBUG - GET to endpoint: loom/fetch_config/ returned response: <Response [200]>
2020-12-12 12:01:38,739 - instabot version: 0.117.0 (api) - DEBUG - GET to endpoint: scores/bootstrap/users/?surfaces=["autocomplete_user_list","coefficient_besties_list_ranking","coefficient_rank_recipient_user_suggestion","coefficient_ios_section_test_bootstrap_ranking","coefficient_direct_recipients_ranking_variant_2"] returned response: <Response [200]>
2020-12-12 12:01:39,282 - instabot version: 0.117.0 (api) - DEBUG - GET to endpoint: business/eligibility/get_monetization_products_eligibility_data/?product_types=branded_content returned response: <Response [200]>
2020-12-12 12:01:39,831 - instabot version: 0.117.0 (api) - DEBUG - GET to endpoint: business/branded_content/should_require_professional_account/ returned response: <Response [200]>
2020-12-12 12:01:40,363 - instabot version: 0.117.0 (api) - DEBUG - GET to endpoint: linked_accounts/get_linkage_status/ returned response: <Response [200]>
2020-12-12 12:01:40,971 - instabot version: 0.117.0 (api) - DEBUG - GET to endpoint: locations/request_country/ returned response: <Response [200]>
2020-12-12 12:01:41,504 - instabot version: 0.117.0 (api) - DEBUG - GET to endpoint: qp/get_cooldowns/?signed_body=signed_body=4b9c516a5410a3bc128e09c6104a7f042146b9c2023870560c63a43a7f66781c.4&ig_sig_key_version=4&ig_sig_key_version=4 returned response: <Response [200]>
2020-12-12 12:01:42,052 - instabot version: 0.117.0 (api) - DEBUG - GET to endpoint: users/arlink_download_info/?version_override=2.2.1 returned response: <Response [200]>
2020-12-12 12:01:42,795 - instabot version: 0.117.0 (api) - DEBUG - GET to endpoint: users/8586390183/info/ returned response: <Response [200]>
2020-12-12 12:01:43,656 - instabot version: 0.117.0 (api) - DEBUG - GET to endpoint: direct_v2/get_presence/ returned response: <Response [200]>
2020-12-12 12:01:44,351 - instabot version: 0.117.0 (api) - DEBUG - GET to endpoint: direct_v2/inbox/?visual_message_return_type=unseen&thread_message_limit=10&persistentBadging=true&limit=20 returned response: <Response [200]>
2020-12-12 12:01:44,916 - instabot version: 0.117.0 (api) - DEBUG - GET to endpoint: direct_v2/inbox/?visual_message_return_type=unseen&persistentBadging=true&limit=0 returned response: <Response [200]>
2020-12-12 12:01:46,346 - instabot version: 0.117.0 (api) - DEBUG - GET to endpoint: discover/topical_explore/?is_prefetch=true&omit_cover_media=true&use_sectional_payload=true&timezone_offset=0&session_id=cda5f599-e32c-4a8c-88fe-65d0abbc81fb&include_fixed_destinations=true returned response: <Response [200]>
2020-12-12 12:01:46,889 - instabot version: 0.117.0 (api) - DEBUG - POST to endpoint: notifications/badge/ returned response: <Response [200]>
2020-12-12 12:01:47,561 - instabot version: 0.117.0 (api) - DEBUG - POST to endpoint: qp/batch_fetch/ returned response: <Response [200]>
2020-12-12 12:01:47,626 - instabot version: 0.117.0 (bot_checkpoint) - DEBUG - Loading Checkpoint file from: F:\Final-Year-Project\backend/config/iamsheza5.checkpoint
2020-12-12 12:01:48,276 - instabot version: 0.117.0 (api) - DEBUG - GET to endpoint: media/2458139784537169062/comments/ returned response: <Response [200]>
2020-12-12 12:01:49,779 - instabot version: 0.117.0 (api) - DEBUG - GET to endpoint: media/2458139784537169062/comments/?max_id={"server_cursor": "QVFDdm9iejItYlpPdmFGc0tiY1ljUkZ1TXdhTmxGZ0dkbkxsanJtU0FGbmdWVlcyTmRhSjF1TW9KVm9TWVlqZTdIM2pHVlJVX3I0bEhnNWt4dkw4dG1MQg==", "is_server_cursor_inverse": false} returned response: <Response [200]>
2020-12-12 12:01:50,538 - instabot version: 0.117.0 (api) - DEBUG - GET to endpoint: media/2458139784537169062/comments/?max_id={"server_cursor": "QVFEeGtXdnM5M29sWnNfYWxES0k3ZXNkelRBd1NiM21sWVA3NXZza19sT0ppb1UyMG5DTHBGUENXUWhUdDNLWVNobF9yTm9tWnhXWENZaHRvZ2xXa0pRNA==", "is_server_cursor_inverse": false} returned response: <Response [200]>
2020-12-12 12:01:51,263 - instabot version: 0.117.0 (api) - DEBUG - GET to endpoint: media/2458139784537169062/comments/?max_id={"server_cursor": "QVFCcFhuUHVMYkViN3JtZVN5VUZBTHVJcUVKaUVpUXZZZ3JNYzlvYnpfTjVkWmxjOTlWT3ZDNzV4SUlLVVNST0NXOEVRTkJVOFhkdENHRnVXdnJwaURuMQ==", "is_server_cursor_inverse": false} returned response: <Response [200]>
2020-12-12 12:01:51,998 - instabot version: 0.117.0 (api) - DEBUG - GET to endpoint: media/2458139784537169062/comments/?max_id={"server_cursor": "QVFBS2xOdnktZnNKRE4zX2ljblJ4X2l6azNpRVpqTXhHeVByZVNWTUpEWk9FVVhiN2NESmNrc3k0N3BwQnFOZ2x3bjJ6Ti12ZldGbURlTWlVaEQ3MHZxeA==", "is_server_cursor_inverse": false} returned response: <Response [200]>
2020-12-12 12:01:52,744 - instabot version: 0.117.0 (api) - DEBUG - GET to endpoint: media/2458139784537169062/comments/?max_id={"server_cursor": "QVFCNjBoaGRmSExjaWxvVEtWMnVHM2RnejNXd044OE5WbTJRdFZFTDlIRkpNTnBjVUpmaVVLNmxkbzdPeFY2dnVTVGJOUm1MUnExcjJFZ0NUR2pvX2ZvdQ==", "is_server_cursor_inverse": false} returned response: <Response [200]>
2020-12-12 12:01:53,390 - instabot version: 0.117.0 (api) - DEBUG - GET to endpoint: media/2458139784537169062/comments/?max_id={"server_cursor": "QVFDQngweXgzVFZDcXpXelF0dzNnSTFDRjkwdVJQTGJva3o5bG5lTDlqYVVqQmJWa1AxMER6enFabkNXX3ZwQzI0YUVDVGZ0azFJS05RUXd2NFc2UTVYQg==", "is_server_cursor_inverse": false} returned response: <Response [200]>
